<?xml version="1.0" encoding="UTF-8"?>
<testng-results skipped="0" failed="0" ignored="0" total="1" passed="1">
  <reporter-output>
  </reporter-output>
  <suite name="Default suite" duration-ms="13777" started-at="2019-08-01T06:49:05Z" finished-at="2019-08-01T06:49:19Z">
    <groups>
    </groups>
    <test name="Default test" duration-ms="13777" started-at="2019-08-01T06:49:05Z" finished-at="2019-08-01T06:49:19Z">
      <class name="com.test.FirstMavenTest">
        <test-method status="PASS" signature="TC1()[pri:0, instance:com.test.FirstMavenTest@cc285f4]" name="TC1" duration-ms="13737" started-at="2019-08-01T06:49:05Z" finished-at="2019-08-01T06:49:19Z">
          <reporter-output>
          </reporter-output>
        </test-method> <!-- TC1 -->
      </class> <!-- com.test.FirstMavenTest -->
    </test> <!-- Default test -->
  </suite> <!-- Default suite -->
</testng-results>
